<?xml version="1.0" encoding="UTF-8"?>
<!-- Generated by org.testng.reporters.JUnitReportReporter -->
<testsuite hostname="DESKTOP-1TI28D7" failures="0" tests="1" name="testCases.TC_01_register" time="11.078" errors="0" timestamp="2024-05-01T11:01:52 IST" skipped="0">
  <testcase classname="testCases.TC_01_register" name="register" time="11.078"/>
</testsuite> <!-- testCases.TC_01_register -->
