<?xml version="1.0" encoding="UTF-8"?>
<!-- Generated by org.testng.reporters.JUnitReportReporter -->
<testsuite hostname="DESKTOP-1TI28D7" failures="0" tests="1" name="testCases.TC_03" time="15.470" errors="0" timestamp="2024-05-01T11:03:03 IST" skipped="0">
  <testcase classname="testCases.TC_03" name="register" time="15.470"/>
</testsuite> <!-- testCases.TC_03 -->
