<?xml version="1.0" encoding="UTF-8"?>
<!-- Generated by org.testng.reporters.JUnitReportReporter -->
<testsuite hostname="DESKTOP-1TI28D7" failures="0" tests="1" name="testCases.TC_02_login" time="3.523" errors="0" timestamp="2024-05-01T11:02:24 IST" skipped="0">
  <testcase classname="testCases.TC_02_login" name="LoginAccount" time="3.523"/>
</testsuite> <!-- testCases.TC_02_login -->
