<?xml version="1.0" encoding="UTF-8"?>
<!-- Generated by org.testng.reporters.JUnitReportReporter -->
<testsuite hostname="DESKTOP-1TI28D7" failures="0" tests="1" name="testCases.TC_05" time="16.688" errors="0" timestamp="2024-05-01T11:04:48 IST" skipped="0">
  <testcase classname="testCases.TC_05" name="register" time="16.688"/>
</testsuite> <!-- testCases.TC_05 -->
