<?xml version="1.0" encoding="UTF-8"?>
<!-- Generated by org.testng.reporters.JUnitReportReporter -->
<testsuite hostname="DESKTOP-1TI28D7" failures="0" tests="2" name="testCases.TC_login3" time="22.607" errors="0" timestamp="2024-05-01T11:06:28 IST" skipped="0">
  <testcase classname="testCases.TC_login3" name="setup" time="7.038"/>
  <testcase classname="testCases.TC_login3" name="register" time="15.569"/>
</testsuite> <!-- testCases.TC_login3 -->
