<?xml version="1.0" encoding="UTF-8"?>
<!-- Generated by org.testng.reporters.JUnitReportReporter -->
<testsuite hostname="DESKTOP-1TI28D7" failures="0" tests="1" name="testCases.TC_006" time="14.616" errors="0" timestamp="2024-05-01T11:31:53 IST" skipped="0">
  <testcase classname="testCases.TC_006" name="register" time="14.616"/>
</testsuite> <!-- testCases.TC_006 -->
