<?xml version="1.0" encoding="UTF-8"?>
<!-- Generated by org.testng.reporters.JUnitReportReporter -->
<testsuite hostname="DESKTOP-1TI28D7" failures="0" tests="1" name="testCases.TC_04" time="33.280" errors="0" timestamp="2024-05-01T11:04:08 IST" skipped="0">
  <testcase classname="testCases.TC_04" name="register" time="33.280"/>
</testsuite> <!-- testCases.TC_04 -->
